<?xml version="1.0" encoding="UTF-8"?>
<testng-results ignored="0" total="2" passed="2" failed="0" skipped="0">
  <reporter-output>
  </reporter-output>
  <suite started-at="2024-02-24T22:10:58 GMT-05:00" name="Default suite" finished-at="2024-02-24T22:10:58 GMT-05:00" duration-ms="95">
    <groups>
    </groups>
    <test started-at="2024-02-24T22:10:58 GMT-05:00" name="Default test" finished-at="2024-02-24T22:10:58 GMT-05:00" duration-ms="95">
      <class name="EndPoints.Testtest">
        <test-method signature="testLogin(java.lang.String,java.lang.String)[pri:0, instance:EndPoints.Testtest@57d7f8ca]" started-at="2024-02-24T22:10:58 GMT-05:00" name="testLogin" data-provider="testData" finished-at="2024-02-24T22:10:58 GMT-05:00" duration-ms="11" status="PASS">
          <params>
            <param index="0">
              <value>
                <![CDATA[password1]]>
              </value>
            </param>
            <param index="1">
              <value>
                <![CDATA[user1]]>
              </value>
            </param>
          </params>
          <reporter-output>
          </reporter-output>
        </test-method> <!-- testLogin -->
        <test-method signature="testLogin(java.lang.String,java.lang.String)[pri:0, instance:EndPoints.Testtest@57d7f8ca]" started-at="2024-02-24T22:10:58 GMT-05:00" name="testLogin" data-provider="testData" finished-at="2024-02-24T22:10:58 GMT-05:00" duration-ms="10" status="PASS">
          <params>
            <param index="0">
              <value>
                <![CDATA[user2]]>
              </value>
            </param>
            <param index="1">
              <value>
                <![CDATA[password2]]>
              </value>
            </param>
          </params>
          <reporter-output>
          </reporter-output>
        </test-method> <!-- testLogin -->
      </class> <!-- EndPoints.Testtest -->
    </test> <!-- Default test -->
  </suite> <!-- Default suite -->
</testng-results>
